<?xml version="1.0" encoding="UTF-8"?>
<!-- Generated by org.testng.reporters.JUnitReportReporter -->
<testsuite hostname="DESKTOP-SH3BACH" failures="0" tests="2" name="TestCases" time="2.053" errors="0" timestamp="2024-06-10T18:26:48 EET" skipped="0">
  <testcase classname="TestCases" name="Login" time="1.548"/>
  <system-out/>
  <testcase classname="TestCases" name="addItemsWithPriceLessThan15" time="0.505"/>
  <system-out/>
</testsuite> <!-- TestCases -->
